<?xml version="1.0" encoding="UTF-8"?>
<!-- Generated by org.testng.reporters.JUnitXMLReporter -->
<testsuite ignored="5" hostname="Eslams-MacBook-Pro.local" failures="0" tests="10" name="Regression Tests" time="0.056" errors="0" timestamp="2026-06-17T17:39:58 EEST">
  <testcase classname="com.eslam.qa.RegressionTests" name="verifyAddToCart" time="0.006"/>
  <testcase classname="com.eslam.qa.RegressionTests" name="verifyCheckout" time="0.0"/>
  <testcase classname="com.eslam.qa.RegressionTests" name="verifyNotifications" time="0.001"/>
  <testcase classname="com.eslam.qa.RegressionTests" name="verifyOrderHistory" time="0.001"/>
  <testcase classname="com.eslam.qa.RegressionTests" name="verifyPaymentGateway" time="0.001"/>
  <testcase classname="com.eslam.qa.RegressionTests" name="verifyProductPage" time="0.001"/>
  <testcase classname="com.eslam.qa.RegressionTests" name="verifyProfileUpdate" time="0.0"/>
  <testcase classname="com.eslam.qa.RegressionTests" name="verifySearchResults" time="0.001"/>
  <testcase classname="com.eslam.qa.RegressionTests" name="verifyUserLogin" time="0.001"/>
  <testcase classname="com.eslam.qa.RegressionTests" name="verifyUserLogout" time="0.001"/>
  <testcase classname="com.eslam.qa.SmokeTests" name="verifyHomePageLoads" time="0.0">
    <ignored/>
  </testcase> <!-- verifyHomePageLoads -->
  <testcase classname="com.eslam.qa.SmokeTests" name="verifySearchWorks" time="0.0">
    <ignored/>
  </testcase> <!-- verifySearchWorks -->
  <testcase classname="com.eslam.qa.SmokeTests" name="verifyApiResponds" time="0.0">
    <ignored/>
  </testcase> <!-- verifyApiResponds -->
  <testcase classname="com.eslam.qa.SmokeTests" name="verifyAppLaunches" time="0.0">
    <ignored/>
  </testcase> <!-- verifyAppLaunches -->
  <testcase classname="com.eslam.qa.SmokeTests" name="verifyLoginPageExists" time="0.0">
    <ignored/>
  </testcase> <!-- verifyLoginPageExists -->
</testsuite> <!-- Regression Tests -->
