<?xml version="1.0" encoding="UTF-8"?>
<!-- Generated by org.testng.reporters.JUnitXMLReporter -->
<testsuite ignored="0" hostname="Eslams-MacBook-Pro.local" failures="0" tests="5" name="Smoke Tests" time="0.05" errors="0" timestamp="2026-06-17T17:39:22 EEST">
  <testcase classname="com.eslam.qa.SmokeTests" name="verifyApiResponds" time="0.007"/>
  <testcase classname="com.eslam.qa.SmokeTests" name="verifyAppLaunches" time="0.001"/>
  <testcase classname="com.eslam.qa.SmokeTests" name="verifyHomePageLoads" time="0.001"/>
  <testcase classname="com.eslam.qa.SmokeTests" name="verifyLoginPageExists" time="0.0"/>
  <testcase classname="com.eslam.qa.SmokeTests" name="verifySearchWorks" time="0.001"/>
</testsuite> <!-- Smoke Tests -->
