<?xml version="1.0" encoding="UTF-8"?>
<testng-results ignored="0" total="10" passed="10" failed="0" skipped="0">
  <reporter-output>
  </reporter-output>
  <suite started-at="2026-06-17T17:39:58 EEST" name="Regression Suite" finished-at="2026-06-17T17:39:58 EEST" duration-ms="56">
    <groups>
      <group name="regression">
        <method signature="RegressionTests.verifyAddToCart()[pri:0, instance:com.eslam.qa.RegressionTests@48aaecc3]" name="verifyAddToCart" class="com.eslam.qa.RegressionTests"/>
        <method signature="RegressionTests.verifyCheckout()[pri:0, instance:com.eslam.qa.RegressionTests@48aaecc3]" name="verifyCheckout" class="com.eslam.qa.RegressionTests"/>
        <method signature="RegressionTests.verifyNotifications()[pri:0, instance:com.eslam.qa.RegressionTests@48aaecc3]" name="verifyNotifications" class="com.eslam.qa.RegressionTests"/>
        <method signature="RegressionTests.verifyOrderHistory()[pri:0, instance:com.eslam.qa.RegressionTests@48aaecc3]" name="verifyOrderHistory" class="com.eslam.qa.RegressionTests"/>
        <method signature="RegressionTests.verifyPaymentGateway()[pri:0, instance:com.eslam.qa.RegressionTests@48aaecc3]" name="verifyPaymentGateway" class="com.eslam.qa.RegressionTests"/>
        <method signature="RegressionTests.verifyProductPage()[pri:0, instance:com.eslam.qa.RegressionTests@48aaecc3]" name="verifyProductPage" class="com.eslam.qa.RegressionTests"/>
        <method signature="RegressionTests.verifyProfileUpdate()[pri:0, instance:com.eslam.qa.RegressionTests@48aaecc3]" name="verifyProfileUpdate" class="com.eslam.qa.RegressionTests"/>
        <method signature="RegressionTests.verifySearchResults()[pri:0, instance:com.eslam.qa.RegressionTests@48aaecc3]" name="verifySearchResults" class="com.eslam.qa.RegressionTests"/>
        <method signature="RegressionTests.verifyUserLogin()[pri:0, instance:com.eslam.qa.RegressionTests@48aaecc3]" name="verifyUserLogin" class="com.eslam.qa.RegressionTests"/>
        <method signature="RegressionTests.verifyUserLogout()[pri:0, instance:com.eslam.qa.RegressionTests@48aaecc3]" name="verifyUserLogout" class="com.eslam.qa.RegressionTests"/>
      </group> <!-- regression -->
    </groups>
    <test started-at="2026-06-17T17:39:58 EEST" name="Regression Tests" finished-at="2026-06-17T17:39:58 EEST" duration-ms="56">
      <class name="com.eslam.qa.RegressionTests">
        <test-method signature="verifyAddToCart()[pri:0, instance:com.eslam.qa.RegressionTests@48aaecc3]" started-at="2026-06-17T17:39:58 EEST" name="verifyAddToCart" finished-at="2026-06-17T17:39:58 EEST" duration-ms="6" status="PASS">
          <reporter-output>
          </reporter-output>
        </test-method> <!-- verifyAddToCart -->
        <test-method signature="verifyCheckout()[pri:0, instance:com.eslam.qa.RegressionTests@48aaecc3]" started-at="2026-06-17T17:39:58 EEST" name="verifyCheckout" finished-at="2026-06-17T17:39:58 EEST" duration-ms="0" status="PASS">
          <reporter-output>
          </reporter-output>
        </test-method> <!-- verifyCheckout -->
        <test-method signature="verifyNotifications()[pri:0, instance:com.eslam.qa.RegressionTests@48aaecc3]" started-at="2026-06-17T17:39:58 EEST" name="verifyNotifications" finished-at="2026-06-17T17:39:58 EEST" duration-ms="1" status="PASS">
          <reporter-output>
          </reporter-output>
        </test-method> <!-- verifyNotifications -->
        <test-method signature="verifyOrderHistory()[pri:0, instance:com.eslam.qa.RegressionTests@48aaecc3]" started-at="2026-06-17T17:39:58 EEST" name="verifyOrderHistory" finished-at="2026-06-17T17:39:58 EEST" duration-ms="1" status="PASS">
          <reporter-output>
          </reporter-output>
        </test-method> <!-- verifyOrderHistory -->
        <test-method signature="verifyPaymentGateway()[pri:0, instance:com.eslam.qa.RegressionTests@48aaecc3]" started-at="2026-06-17T17:39:58 EEST" name="verifyPaymentGateway" finished-at="2026-06-17T17:39:58 EEST" duration-ms="1" status="PASS">
          <reporter-output>
          </reporter-output>
        </test-method> <!-- verifyPaymentGateway -->
        <test-method signature="verifyProductPage()[pri:0, instance:com.eslam.qa.RegressionTests@48aaecc3]" started-at="2026-06-17T17:39:58 EEST" name="verifyProductPage" finished-at="2026-06-17T17:39:58 EEST" duration-ms="1" status="PASS">
          <reporter-output>
          </reporter-output>
        </test-method> <!-- verifyProductPage -->
        <test-method signature="verifyProfileUpdate()[pri:0, instance:com.eslam.qa.RegressionTests@48aaecc3]" started-at="2026-06-17T17:39:58 EEST" name="verifyProfileUpdate" finished-at="2026-06-17T17:39:58 EEST" duration-ms="0" status="PASS">
          <reporter-output>
          </reporter-output>
        </test-method> <!-- verifyProfileUpdate -->
        <test-method signature="verifySearchResults()[pri:0, instance:com.eslam.qa.RegressionTests@48aaecc3]" started-at="2026-06-17T17:39:58 EEST" name="verifySearchResults" finished-at="2026-06-17T17:39:58 EEST" duration-ms="1" status="PASS">
          <reporter-output>
          </reporter-output>
        </test-method> <!-- verifySearchResults -->
        <test-method signature="verifyUserLogin()[pri:0, instance:com.eslam.qa.RegressionTests@48aaecc3]" started-at="2026-06-17T17:39:58 EEST" name="verifyUserLogin" finished-at="2026-06-17T17:39:58 EEST" duration-ms="1" status="PASS">
          <reporter-output>
          </reporter-output>
        </test-method> <!-- verifyUserLogin -->
        <test-method signature="verifyUserLogout()[pri:0, instance:com.eslam.qa.RegressionTests@48aaecc3]" started-at="2026-06-17T17:39:58 EEST" name="verifyUserLogout" finished-at="2026-06-17T17:39:58 EEST" duration-ms="1" status="PASS">
          <reporter-output>
          </reporter-output>
        </test-method> <!-- verifyUserLogout -->
      </class> <!-- com.eslam.qa.RegressionTests -->
    </test> <!-- Regression Tests -->
  </suite> <!-- Regression Suite -->
</testng-results>
