<?xml version="1.0" encoding="UTF-8"?>
<testsuite xmlns:xsi="http://www.w3.org/2001/XMLSchema-instance" xsi:noNamespaceSchemaLocation="https://maven.apache.org/surefire/maven-surefire-plugin/xsd/surefire-test-report-3.0.xsd" version="3.0" name="TestSuite" time="0.602" tests="10" errors="0" skipped="0" failures="0">
  <properties>
[...]
</properties>
  <testcase name="verifyAddToCart" classname="com.eslam.qa.RegressionTests" time="0.007">
    <system-out><![CDATA[✅ REGRESSION 5: Add to cart works
]]></system-out>
    <system-err><![CDATA[SLF4J: Failed to load class "org.slf4j.impl.StaticLoggerBinder".
SLF4J: Defaulting to no-operation (NOP) logger implementation
SLF4J: See http://www.slf4j.org/codes.html#StaticLoggerBinder for further details.
]]></system-err>
  </testcase>
  <testcase name="verifyCheckout" classname="com.eslam.qa.RegressionTests" time="0.0">
    <system-out><![CDATA[✅ REGRESSION 6: Checkout flow works
]]></system-out>
  </testcase>
  <testcase name="verifyNotifications" classname="com.eslam.qa.RegressionTests" time="0.001">
    <system-out><![CDATA[✅ REGRESSION 10: Notifications work
]]></system-out>
  </testcase>
  <testcase name="verifyOrderHistory" classname="com.eslam.qa.RegressionTests" time="0.001">
    <system-out><![CDATA[✅ REGRESSION 8: Order history loads
]]></system-out>
  </testcase>
  <testcase name="verifyPaymentGateway" classname="com.eslam.qa.RegressionTests" time="0.001">
    <system-out><![CDATA[✅ REGRESSION 7: Payment gateway responds
]]></system-out>
  </testcase>
  <testcase name="verifyProductPage" classname="com.eslam.qa.RegressionTests" time="0.001">
    <system-out><![CDATA[✅ REGRESSION 4: Product page loads
]]></system-out>
  </testcase>
  <testcase name="verifyProfileUpdate" classname="com.eslam.qa.RegressionTests" time="0.001">
    <system-out><![CDATA[✅ REGRESSION 9: Profile update works
]]></system-out>
  </testcase>
  <testcase name="verifySearchResults" classname="com.eslam.qa.RegressionTests" time="0.002">
    <system-out><![CDATA[✅ REGRESSION 3: Search returns results
]]></system-out>
  </testcase>
  <testcase name="verifyUserLogin" classname="com.eslam.qa.RegressionTests" time="0.001">
    <system-out><![CDATA[✅ REGRESSION 1: User login works
]]></system-out>
  </testcase>
  <testcase name="verifyUserLogout" classname="com.eslam.qa.RegressionTests" time="0.001">
    <system-out><![CDATA[✅ REGRESSION 2: User logout works
]]></system-out>
  </testcase>
</testsuite>