<?xml version="1.0" encoding="UTF-8"?>
<!-- Generated by org.testng.reporters.JUnitReportReporter -->
<testsuite hostname="Eslams-MacBook-Pro.local" failures="0" tests="10" name="com.eslam.qa.RegressionTests" time="0.013" errors="0" timestamp="2026-06-17T17:39:58 EEST" skipped="0">
  <testcase classname="com.eslam.qa.RegressionTests" name="verifySearchResults" time="0.001"/>
  <testcase classname="com.eslam.qa.RegressionTests" name="verifyUserLogout" time="0.001"/>
  <testcase classname="com.eslam.qa.RegressionTests" name="verifyProductPage" time="0.001"/>
  <testcase classname="com.eslam.qa.RegressionTests" name="verifyProfileUpdate" time="0.000"/>
  <testcase classname="com.eslam.qa.RegressionTests" name="verifyNotifications" time="0.001"/>
  <testcase classname="com.eslam.qa.RegressionTests" name="verifyCheckout" time="0.000"/>
  <testcase classname="com.eslam.qa.RegressionTests" name="verifyAddToCart" time="0.006"/>
  <testcase classname="com.eslam.qa.RegressionTests" name="verifyOrderHistory" time="0.001"/>
  <testcase classname="com.eslam.qa.RegressionTests" name="verifyPaymentGateway" time="0.001"/>
  <testcase classname="com.eslam.qa.RegressionTests" name="verifyUserLogin" time="0.001"/>
</testsuite> <!-- com.eslam.qa.RegressionTests -->
